<?xml version="1.0" encoding="UTF-8"?>
<testng-results skipped="0" failed="0" ignored="0" total="0" passed="0">
  <reporter-output>
  </reporter-output>
  <suite name="Default suite" duration-ms="15" started-at="2019-12-15T11:44:00 IST" finished-at="2019-12-15T11:44:01 IST">
    <groups>
    </groups>
    <test name="Default test" duration-ms="15" started-at="2019-12-15T11:44:00 IST" finished-at="2019-12-15T11:44:01 IST">
    </test> <!-- Default test -->
  </suite> <!-- Default suite -->
</testng-results>
